01/20/2015 12:43:55 PM INFO: Begin
01/20/2015 12:43:55 PM INFO: Asking user for device type
01/20/2015 12:43:59 PM INFO: Device type is ROUTER
01/20/2015 12:44:09 PM INFO: Will save device list to my-device-list.txt
01/20/2015 12:44:09 PM INFO: Calling APIC-EM API url:https://sandboxapic.cisco.com/api/v0/network-device/count
01/20/2015 12:44:09 PM INFO: Starting new HTTPS connection (1): sandboxapic.cisco.com
01/20/2015 12:44:17 PM DEBUG: "GET /api/v0/network-device/count HTTP/1.1" 200 None
01/20/2015 12:44:17 PM DEBUG: API response: {
    "version": "0.0",
    "response": 11
}
01/20/2015 12:44:17 PM INFO: Calling APIC-EM API url:https://sandboxapic.cisco.com/api/v0/network-device/1/11
01/20/2015 12:44:17 PM INFO: Starting new HTTPS connection (1): sandboxapic.cisco.com
01/20/2015 12:44:22 PM DEBUG: "GET /api/v0/network-device/1/11 HTTP/1.1" 200 None
01/20/2015 12:44:22 PM DEBUG: API response: {
    "version": "0.0",
    "response": [
        {
            "reachabilityStatus": "In Progress",
            "portRange": "GigabitEthernet0, GigabitEthernet0/0/0-3",
            "macAddress": "B8:38:61:39:B2:20",
            "location": "698d5f93-fb5d-4104-9cbc-20bd7807bedb",
            "avgUpdateFrequency": 291,
            "upTime": "30 weeks, 3 days, 21 hours, 54 minutes",
            "numUpdates": 31,
            "managementIpAddress": "40.0.2.2",
            "imageName": "isr4400-universalk9.03.11.00.S.154-1.S-std.SPA.bin",
            "locationName": "building_23",
            "roleSource": "auto",
            "platformId": "ISR4451-X/K9",
            "type": "ROUTER",
            "reachabilityFailureReason": "Unreachable",
            "role": "Border Router",
            "lineCardId": "ac563d03-84ef-4ca6-866b-ae7a50d47f1c,3e645989-b61b-4fda-bf46-fa293061973b,7c54ccc9-19c3-4f8d-92d4-0418a4e2f7bf,15afa073-ec8c-4ab9-8f30-305222013c5b,5fc8a555-ab68-4677-b166-63d6bf9e39f0,bea49f4d-667d-436e-b40a-b617eef6871f,3fe75177-eaeb-4f28-8ce8-271619066a6f,89332325-68a5-4504-8612-2953c2e9e72c,3e8dd689-d39b-4c57-b103-664fb5599dcd",
            "hostname": "SDN-BRANCH-ISR4451",
            "lineCardCount": "9",
            "family": "ISR4451-X/K9",
            "lastUpdated": "2014-09-29 16:18:11.035508-07",
            "softwareVersion": "03.11.00.S",
            "serialNumber": "FTX1804AMT8",
            "vendor": "Cisco",
            "tagCount": 2,
            "id": "2504be29-7684-43ae-8417-a75ca618287c",
            "memorySize": "1385941K/6147K",
            "interfaceCount": "5"
        },
        {
            "reachabilityStatus": "In Progress",
            "portRange": "GigabitEthernet1/1-48, GigabitEthernet7/1-3, TenGigabitEthernet7/4-5, Vlan1",
            "macAddress": "F8:72:EA:B7:78:00",
            "location": "698d5f93-fb5d-4104-9cbc-20bd7807bedb",
            "avgUpdateFrequency": 301,
            "upTime": "2 days, 23 hours, 35 minutes",
            "numUpdates": 30,
            "managementIpAddress": "40.0.1.50",
            "imageName": "s2t54-adventerprisek9-mz.SPA.151-2.SY2.bin",
            "locationName": "building_23",
            "roleSource": "auto",
            "platformId": "WS-C6513-E",
            "type": "SWITCH",
            "reachabilityFailureReason": "Unreachable",
            "role": "Distribution",
            "lineCardId": "7645f5d2-cdee-4b7c-b2f3-87a72af88df4,a8f9c7fb-00f3-4c50-9db8-76f01e3986b0,07012b55-5b7f-4c25-a32b-b5275b248c4c,393b5460-1981-4d9a-af6b-e27a8d2f957b,9d71ce51-7244-4878-bc7e-656945e2e4b0,8ae4b05d-73ce-4a81-a03d-485f0b411ee7,25dde45b-4fd6-493b-8a67-e769f94b72cf,9eb47e52-4285-4071-b03a-594f2b2cee8f,be726573-4205-499f-be9a-de5bcd7a09bf,a73964be-a600-4ae3-a93a-ed5635ea1253,4a47a068-0be0-460d-9107-671af4630e43,b101b765-e083-4474-8baf-23a09af98002,461a61ea-3282-4ad9-a08e-fcaf50f025c4,85f74e5d-116c-4b60-81f4-08f6b5fcaaf0",
            "hostname": "SDN-CAMPUS-C6K-2",
            "lineCardCount": "14",
            "family": "C6513",
            "lastUpdated": "2014-09-29 16:18:11.529442-07",
            "softwareVersion": "15.1(2)SY2",
            "serialNumber": "FXS1735Q2US",
            "vendor": "Cisco",
            "tagCount": 4,
            "id": "da733ffb-e34b-4733-bd85-b615fb7e61f3",
            "memorySize": "1785856K/262144K",
            "interfaceCount": "53"
        },
        {
            "reachabilityStatus": "In Progress",
            "portRange": "GigabitEthernet0/0, Vlan1, Vlan201, GigabitEthernet1/0/1-48, GigabitEthernet1/1/1-4, TenGigabitEthernet1/1/1-4",
            "macAddress": "18:9C:5D:1C:8D:47",
            "location": "698d5f93-fb5d-4104-9cbc-20bd7807bedb",
            "avgUpdateFrequency": 301,
            "upTime": "10 weeks, 41 minutes",
            "numUpdates": 30,
            "managementIpAddress": "40.0.0.3",
            "imageName": "cat3k_caa-universalk9.SPA.03.03.02.SE.150-1.EZ2.bin",
            "locationName": "building_23",
            "roleSource": "auto",
            "platformId": "WS-C3850-48P",
            "type": "SWITCH",
            "reachabilityFailureReason": "Unreachable",
            "role": "Access",
            "lineCardId": "316573fc-0849-4b47-9544-cd51e21c164b,d4e29bb2-a88e-4808-9daf-6a84788f2d5e,693ea01e-ec08-4dc2-87c9-ed186f1561be",
            "hostname": "SDN-CAMPUS-C3850",
            "lineCardCount": "3",
            "family": "C3850",
            "lastUpdated": "2014-09-29 16:19:18.265757-07",
            "softwareVersion": "03.03.02.SE",
            "serialNumber": "FOC1743X05C",
            "vendor": "Cisco",
            "tagCount": 3,
            "id": "f8c3fc68-cd26-4576-bcec-51f9b578f71e",
            "memorySize": "4194304K",
            "interfaceCount": "57"
        },
        {
            "reachabilityStatus": "In Progress",
            "portRange": "FastEthernet0, Vlan1, GigabitEthernet1/0/1-48, GigabitEthernet1/1/1-4, GigabitEthernet2/0/1-48, GigabitEthernet2/1/1-4, TenGigabitEthernet1/1/1-2, TenGigabitEthernet2/1/1-2",
            "macAddress": "1C:DF:0F:08:20:C2",
            "location": "b613295e-53f1-493c-9db9-e94bf2c731bc",
            "avgUpdateFrequency": 300,
            "upTime": "26 weeks, 3 hours, 8 minutes",
            "numUpdates": 30,
            "managementIpAddress": "40.0.2.18",
            "imageName": "c3750e-universalk9-mz.152-1.E2.bin",
            "locationName": "data_center_sj",
            "roleSource": "auto",
            "platformId": "WS-C3750X-48P",
            "type": "SWITCH",
            "reachabilityFailureReason": "Unreachable",
            "role": "Access",
            "lineCardId": "3220b22a-a74c-4f9e-9898-c9afc01dc5dd,9ef0da99-963c-4289-9087-7f861c969ea3,e5b911e4-2c1c-4a95-9214-dd9877dd2b92,f5996432-3c89-4045-ac8b-46a6bf873845,4ba5666c-d301-4ec3-a1a0-0ba7e076ecfe",
            "hostname": "SDN-BRANCH-3750-STACK",
            "lineCardCount": "5",
            "family": "C3750X",
            "lastUpdated": "2014-09-29 16:19:17.627273-07",
            "softwareVersion": "15.2(1)E2",
            "serialNumber": "FDO1432K0MC",
            "vendor": "Cisco",
            "tagCount": 4,
            "id": "7895a45f-47aa-42ee-9d06-c66d3b784594",
            "memorySize": "262144K",
            "interfaceCount": "109"
        },
        {
            "reachabilityStatus": "In Progress",
            "portRange": "GigabitEthernet0, GigabitEthernet0/0/0-3",
            "macAddress": "78:DA:6E:13:5E:00",
            "location": "b613295e-53f1-493c-9db9-e94bf2c731bc",
            "avgUpdateFrequency": 301,
            "upTime": "30 weeks, 3 days, 23 hours, 35 minutes",
            "numUpdates": 30,
            "managementIpAddress": "40.0.1.6",
            "imageName": "asr1000rp1-adventerprisek9.03.07.03.S.152-4.S3.bin",
            "locationName": "data_center_sj",
            "roleSource": "manual",
            "platformId": "ASR1002",
            "type": "ROUTER",
            "reachabilityFailureReason": "Unreachable",
            "role": "Border Router",
            "lineCardId": "dbaac253-87ab-4f25-aea5-e47fe44b9dd8,cced8a21-da42-4561-9635-5423ac05cb50,85f69bd5-7af3-4919-964a-ed685fff68df,30b35b13-b2c2-4c6c-bfea-74a53565826e,41935842-57b8-443f-8e85-9cf14a05a037,c2e00e43-8242-4b5c-85b1-44d557ab987f,c73bc21d-d205-43f9-b387-1ec3753168c0,c9b0c262-838d-41db-b1ae-0228120684b1,b8856acc-81af-4ed1-b9c9-85dfaee76c69,826dd027-f62c-4ff5-8594-94ed24e9963f,93cd4507-b4d2-433d-a5c3-a246ca05a6a7",
            "hostname": "SDN-BRANCH-ASR1002",
            "lineCardCount": "11",
            "family": "ASR1002",
            "lastUpdated": "2014-09-29 16:18:11.122587-07",
            "softwareVersion": "15.2(4)S3",
            "serialNumber": "FOX1737GJVL",
            "vendor": "Cisco",
            "tagCount": 2,
            "id": "cceaf2fe-c3d9-4d37-bf14-fba071c27d6e",
            "memorySize": "1684853K/6147K",
            "interfaceCount": "5"
        },
        {
            "reachabilityStatus": "In Progress",
            "portRange": "GigabitEthernet0/0, Vlan1, GigabitEthernet1/0/1-48, GigabitEthernet1/1/1-4, TenGigabitEthernet1/1/1-4",
            "macAddress": "18:9C:5D:16:FC:D8",
            "location": "b613295e-53f1-493c-9db9-e94bf2c731bc",
            "avgUpdateFrequency": 300,
            "upTime": "6 days, 18 hours, 23 minutes",
            "numUpdates": 30,
            "managementIpAddress": "40.0.2.1",
            "imageName": "packages.conf",
            "locationName": "data_center_sj",
            "roleSource": "manual",
            "platformId": "WS-C3850-48P",
            "type": "SWITCH",
            "reachabilityFailureReason": "Unreachable",
            "role": "Access",
            "lineCardId": "7639ce0f-5ccc-4b5b-9757-c3b15c47adc1,d12128e7-543d-4ef3-a38a-7899e7244e7d,f9973a3e-8470-488b-aea3-c83fd2a24cd7",
            "hostname": "SDN-BRANCH-3850-TB1",
            "lineCardCount": "3",
            "family": "C3850",
            "lastUpdated": "2014-09-29 16:18:20.88684-07",
            "softwareVersion": "03.02.02.SE",
            "serialNumber": "FOC1743X0CJ",
            "vendor": "Cisco",
            "id": "526c8fc6-f732-41a9-9faf-5876293a2e8c",
            "memorySize": "4194304K",
            "interfaceCount": "57"
        },
        {
            "reachabilityStatus": "In Progress",
            "portRange": "GigabitEthernet1/1-48, GigabitEthernet2/3-4, GigabitEthernet7/1-3, TenGigabitEthernet2/1-2, TenGigabitEthernet7/4-5, EtherChannel547, Vlan1, Vlan22",
            "macAddress": "F8:72:EA:B7:77:C0",
            "location": "b613295e-53f1-493c-9db9-e94bf2c731bc",
            "avgUpdateFrequency": 301,
            "upTime": "2 days, 23 hours, 45 minutes",
            "numUpdates": 30,
            "managementIpAddress": "40.0.1.22",
            "imageName": "s2t54-adventerprisek9-mz.SPA.151-2.SY2.bin",
            "locationName": "data_center_sj",
            "roleSource": "auto",
            "platformId": "WS-C6513-E",
            "type": "SWITCH",
            "reachabilityFailureReason": "Unreachable",
            "role": "Distribution",
            "lineCardId": "3eec7782-cd70-4e21-81d7-b1426b008bef,28146992-fb74-4aad-83c7-77d67de7cde2,86a97462-1204-4f26-98dc-5b9f2a9477a6,795d60d7-459d-4d04-adc8-e0fb43278eac,094efb42-5cd1-45fb-ac1a-7f1d8888bf49,30ca1a34-9254-49a5-ac46-25262adfcab2,66a3f5e9-7f35-4938-884d-bf5fbfafea9a,8b0af266-00df-4fc7-baa2-426217412816,a073cc28-8c29-4a3c-981c-a3cbd6b6e147,51d009c6-acb2-4d9b-a671-2003bef6a060,baea2aee-f989-4df1-ade4-82ba4b08c798,425dd4a0-56c6-4a8b-b25b-70fa8adf980f,9487d010-33da-4fa0-8032-6aa5f4e07df4,ec7c66a3-3ec8-4263-a7ca-91254d6a40e5,0c08ca0d-5bf9-4916-8d4c-b56103af7d23",
            "hostname": "SDN-BRANCH-C6K",
            "lineCardCount": "15",
            "family": "C6513",
            "lastUpdated": "2014-09-29 16:18:11.546577-07",
            "softwareVersion": "15.1(2)SY2",
            "serialNumber": "FXS1735Q3QF",
            "vendor": "Cisco",
            "tagCount": 2,
            "id": "7f0e9dec-fb57-4593-a48b-c4193371398a",
            "memorySize": "1785856K/262144K",
            "interfaceCount": "57"
        },
        {
            "reachabilityStatus": "In Progress",
            "portRange": "GigabitEthernet1/1-48, GigabitEthernet10/1-48, TenGigabitEthernet5/1-8, FastEthernet1, Vlan1",
            "serialNumber": "FXS1749Q1LC",
            "macAddress": "A8:0C:0D:98:CA:7F",
            "vendor": "Cisco",
            "upTime": "2 days, 22 hours, 55 minutes",
            "tagCount": 2,
            "managementIpAddress": "40.0.1.34",
            "roleSource": "manual",
            "platformId": "WS-C4510R+E",
            "type": "SWITCH",
            "reachabilityFailureReason": "Unreachable",
            "role": "Distribution",
            "lineCardId": "27c3416f-7f10-4977-b68f-5e1262d6f96d,509b47c7-146d-4779-8c94-45c15eadd679,11c87359-be18-4445-9173-cfadbba1cd87,095717ad-7418-467f-8442-a52232ab0a59,40a355e4-4485-434a-81f6-883716ef92da,91358497-75e2-4bf4-bf64-0423d57baa4c,a4d99753-edc3-46ef-a207-2f1887c7891d,9ae19747-da74-4fc1-98a1-a03a8833e268,63c5813e-f0b6-48fb-8c67-638be1e1380c,c82ffa20-6780-42d4-ade3-bec9fa8c547e,61971ba8-d4b1-491a-a8de-6dcf97f6db50,4cea0dce-51d7-4083-ab14-1c2bd9e53ca7,8a011a56-a82d-42c3-b779-6a75a9f486b1,85dab204-b162-44d1-b1de-21c8ad16a5dc,83004494-be8e-45f0-b74f-53090e40aac9",
            "hostname": "SDN-BRANCH-C4K",
            "lineCardCount": "15",
            "family": "C4510R",
            "lastUpdated": "2014-09-29 16:19:11.474151-07",
            "softwareVersion": "03.03.00.XO",
            "numUpdates": 30,
            "avgUpdateFrequency": 301,
            "id": "a36bc35a-94ed-4b2c-a66c-e46dddd5e037",
            "memorySize": "4194304K",
            "interfaceCount": "105"
        },
        {
            "reachabilityStatus": "In Progress",
            "portRange": "GigabitEthernet0, GigabitEthernet0/0/0-3",
            "macAddress": "78:DA:6E:2D:F1:00",
            "vendor": "Cisco",
            "upTime": "30 weeks, 5 days, 22 hours, 35 minutes",
            "numUpdates": 30,
            "managementIpAddress": "40.0.1.2",
            "imageName": "asr1000rp1-adventerprisek9.03.07.03.S.152-4.S3.bin",
            "roleSource": "auto",
            "platformId": "ASR1002",
            "type": "ROUTER",
            "reachabilityFailureReason": "Unreachable",
            "role": "Border Router",
            "lineCardId": "e6abf7b0-2c2f-4264-ada4-ed78e3a23da0,07554df4-6cd1-44e5-8672-e2b71d102613,0a3b4c18-42b8-439f-aca2-5e6e593b59b3,ba92d247-673f-4ce0-b934-3e3f5c94fd14,4d3dbfc2-d1a4-4370-a5bd-63a560837beb,36b992de-7b74-4296-93d4-22039bb77db4,61cdc29a-66f2-4dd1-9c4f-1d59db4833a3,bbfc4b0a-e819-4d66-b043-47a2df20c52e,3619e497-11cd-405d-8998-647916fd9aa4,35df7457-c3fd-4e90-8fdb-bd690d8715ca,8da523d5-33c9-4099-a224-3ccfe273b5b0",
            "hostname": "SDN-CAMPUS-ASR1002",
            "lineCardCount": "11",
            "family": "ASR1002",
            "lastUpdated": "2014-09-29 16:16:11.056466-07",
            "softwareVersion": "15.2(4)S3",
            "serialNumber": "FOX1738GKPH",
            "avgUpdateFrequency": 295,
            "tagCount": 3,
            "id": "13f8aa58-4637-43bf-8ea6-6ff30899c12d",
            "memorySize": "1684853K/6147K",
            "interfaceCount": "5"
        },
        {
            "reachabilityStatus": "In Progress",
            "portRange": "Engine0/0, GigabitEthernet0/0-2, SM1/0-1, Vlan1",
            "macAddress": "88:5A:92:3C:7D:80",
            "vendor": "Cisco",
            "upTime": "30 weeks, 3 days, 20 hours, 42 minutes",
            "numUpdates": 30,
            "managementIpAddress": "40.0.2.6",
            "imageName": "c3900-universalk9-mz.SPA.153-3.M.bin",
            "roleSource": "auto",
            "platformId": "C3900-SPE150/K9",
            "type": "ROUTER",
            "reachabilityFailureReason": "Unreachable",
            "role": "Border Router",
            "lineCardId": "ea4b5e23-bab0-4b0a-9885-d07243eaaae8,86de7895-576f-4d83-bbe1-d8c05110f736,1de72c63-c88a-4b52-9097-149a21c8dd0d,8f6ffa56-ae04-4487-a7b6-a2dcefab1443",
            "hostname": "SDN-BRANCH-ISR3945",
            "lineCardCount": "4",
            "family": "C3900-SPE150/K9",
            "lastUpdated": "2014-09-29 16:18:10.426234-07",
            "softwareVersion": "15.3(3)M",
            "serialNumber": "FTX1742ALPT",
            "avgUpdateFrequency": 301,
            "tagCount": 2,
            "id": "a632c6e8-89bf-4949-8e4d-a249105f2c7c",
            "memorySize": "987136K/61440K",
            "interfaceCount": "3"
        },
        {
            "reachabilityStatus": "In Progress",
            "portRange": "GigabitEthernet1/1-48, GigabitEthernet2/1-48, GigabitEthernet3/3-6, TenGigabitEthernet3/1-2, FastEthernet1, Vlan1",
            "serialNumber": "FXS1742Q3FZ",
            "macAddress": "78:DA:6E:0A:68:7F",
            "vendor": "Cisco",
            "upTime": "23 weeks, 5 days, 2 hours, 7 minutes",
            "tagCount": 3,
            "managementIpAddress": "40.0.1.30",
            "roleSource": "auto",
            "platformId": "WS-C4507R+E",
            "type": "SWITCH",
            "reachabilityFailureReason": "Unreachable",
            "role": "Distribution",
            "lineCardId": "7bd955fa-1602-41dc-bea2-a8e3cf390d91,49705416-bd61-45d5-829e-36eb26abaa2a,63fa8617-5865-49b2-94ae-16f27b19208b,b60217e5-1288-480f-b18b-1bcae762d210,89c3f1d9-d0d4-4d76-ba6a-27ee5d5b4489,7ab2a2c4-494d-4cef-aa5b-4f8e0806326e,83e2b03b-8634-4a29-b5a3-88bf0a5647ef,354df418-a2dc-493c-b300-82233678e5a3,97fed81f-5d31-4d7f-9204-cae7da1f3fe6,952290e7-4a1f-4dcd-af93-b22c4f1dfc2b,83c9aeef-6201-4fa8-acfa-d7ba730f0b5c,4c3cd25b-563c-4ab1-b053-4b31541d4080",
            "hostname": "SDN-CAMPUS-C4K",
            "lineCardCount": "12",
            "family": "C4507R",
            "lastUpdated": "2014-09-29 16:19:11.372366-07",
            "softwareVersion": "03.03.02.SG",
            "numUpdates": 30,
            "avgUpdateFrequency": 301,
            "id": "e5f93514-3ae5-4109-8b52-b9fa876e1eae",
            "memorySize": "2097152K/20480K",
            "interfaceCount": "103"
        }
    ]
}
01/20/2015 12:44:22 PM INFO: File opened:my-device-list.txt
01/20/2015 12:44:22 PM INFO: Begin writing list:my-device-list.txt
01/20/2015 12:44:22 PM INFO: End writing list:my-device-list.txt
01/20/2015 12:44:22 PM INFO: End Program
01/20/2015 12:47:00 PM INFO: Begin
01/20/2015 12:47:00 PM INFO: Asking user for device type
01/20/2015 12:47:05 PM INFO: Device type is ROUTER
01/20/2015 12:47:13 PM INFO: Will save device list to my-device-list.txt
01/20/2015 12:47:13 PM INFO: Calling APIC-EM API url:https://sandboxapic.cisco.com/api/v0/network-device/count
01/20/2015 12:47:13 PM INFO: Starting new HTTPS connection (1): sandboxapic.cisco.com
01/20/2015 12:47:14 PM DEBUG: "GET /api/v0/network-device/count HTTP/1.1" 200 None
01/20/2015 12:47:14 PM DEBUG: API response: {
    "response": 11,
    "version": "0.0"
}
01/20/2015 12:47:14 PM INFO: Calling APIC-EM API url:https://sandboxapic.cisco.com/api/v0/network-device/1/11
01/20/2015 12:47:14 PM INFO: Starting new HTTPS connection (1): sandboxapic.cisco.com
01/20/2015 12:47:15 PM DEBUG: "GET /api/v0/network-device/1/11 HTTP/1.1" 200 None
01/20/2015 12:47:15 PM DEBUG: API response: {
    "response": [
        {
            "tagCount": 2,
            "locationName": "building_23",
            "softwareVersion": "03.11.00.S",
            "numUpdates": 31,
            "imageName": "isr4400-universalk9.03.11.00.S.154-1.S-std.SPA.bin",
            "lastUpdated": "2014-09-29 16:18:11.035508-07",
            "platformId": "ISR4451-X/K9",
            "location": "698d5f93-fb5d-4104-9cbc-20bd7807bedb",
            "hostname": "SDN-BRANCH-ISR4451",
            "reachabilityFailureReason": "Unreachable",
            "lineCardId": "ac563d03-84ef-4ca6-866b-ae7a50d47f1c,3e645989-b61b-4fda-bf46-fa293061973b,7c54ccc9-19c3-4f8d-92d4-0418a4e2f7bf,15afa073-ec8c-4ab9-8f30-305222013c5b,5fc8a555-ab68-4677-b166-63d6bf9e39f0,bea49f4d-667d-436e-b40a-b617eef6871f,3fe75177-eaeb-4f28-8ce8-271619066a6f,89332325-68a5-4504-8612-2953c2e9e72c,3e8dd689-d39b-4c57-b103-664fb5599dcd",
            "memorySize": "1385941K/6147K",
            "family": "ISR4451-X/K9",
            "upTime": "30 weeks, 3 days, 21 hours, 54 minutes",
            "portRange": "GigabitEthernet0, GigabitEthernet0/0/0-3",
            "managementIpAddress": "40.0.2.2",
            "id": "2504be29-7684-43ae-8417-a75ca618287c",
            "type": "ROUTER",
            "reachabilityStatus": "In Progress",
            "role": "Border Router",
            "lineCardCount": "9",
            "interfaceCount": "5",
            "vendor": "Cisco",
            "macAddress": "B8:38:61:39:B2:20",
            "avgUpdateFrequency": 291,
            "serialNumber": "FTX1804AMT8",
            "roleSource": "auto"
        },
        {
            "tagCount": 4,
            "locationName": "building_23",
            "softwareVersion": "15.1(2)SY2",
            "numUpdates": 30,
            "imageName": "s2t54-adventerprisek9-mz.SPA.151-2.SY2.bin",
            "lastUpdated": "2014-09-29 16:18:11.529442-07",
            "platformId": "WS-C6513-E",
            "location": "698d5f93-fb5d-4104-9cbc-20bd7807bedb",
            "hostname": "SDN-CAMPUS-C6K-2",
            "reachabilityFailureReason": "Unreachable",
            "lineCardId": "7645f5d2-cdee-4b7c-b2f3-87a72af88df4,a8f9c7fb-00f3-4c50-9db8-76f01e3986b0,07012b55-5b7f-4c25-a32b-b5275b248c4c,393b5460-1981-4d9a-af6b-e27a8d2f957b,9d71ce51-7244-4878-bc7e-656945e2e4b0,8ae4b05d-73ce-4a81-a03d-485f0b411ee7,25dde45b-4fd6-493b-8a67-e769f94b72cf,9eb47e52-4285-4071-b03a-594f2b2cee8f,be726573-4205-499f-be9a-de5bcd7a09bf,a73964be-a600-4ae3-a93a-ed5635ea1253,4a47a068-0be0-460d-9107-671af4630e43,b101b765-e083-4474-8baf-23a09af98002,461a61ea-3282-4ad9-a08e-fcaf50f025c4,85f74e5d-116c-4b60-81f4-08f6b5fcaaf0",
            "memorySize": "1785856K/262144K",
            "family": "C6513",
            "upTime": "2 days, 23 hours, 35 minutes",
            "portRange": "GigabitEthernet1/1-48, GigabitEthernet7/1-3, TenGigabitEthernet7/4-5, Vlan1",
            "managementIpAddress": "40.0.1.50",
            "id": "da733ffb-e34b-4733-bd85-b615fb7e61f3",
            "type": "SWITCH",
            "reachabilityStatus": "In Progress",
            "role": "Distribution",
            "lineCardCount": "14",
            "interfaceCount": "53",
            "vendor": "Cisco",
            "macAddress": "F8:72:EA:B7:78:00",
            "avgUpdateFrequency": 301,
            "serialNumber": "FXS1735Q2US",
            "roleSource": "auto"
        },
        {
            "tagCount": 3,
            "locationName": "building_23",
            "softwareVersion": "03.03.02.SE",
            "numUpdates": 30,
            "imageName": "cat3k_caa-universalk9.SPA.03.03.02.SE.150-1.EZ2.bin",
            "lastUpdated": "2014-09-29 16:19:18.265757-07",
            "platformId": "WS-C3850-48P",
            "location": "698d5f93-fb5d-4104-9cbc-20bd7807bedb",
            "hostname": "SDN-CAMPUS-C3850",
            "reachabilityFailureReason": "Unreachable",
            "lineCardId": "316573fc-0849-4b47-9544-cd51e21c164b,d4e29bb2-a88e-4808-9daf-6a84788f2d5e,693ea01e-ec08-4dc2-87c9-ed186f1561be",
            "memorySize": "4194304K",
            "family": "C3850",
            "upTime": "10 weeks, 41 minutes",
            "portRange": "GigabitEthernet0/0, Vlan1, Vlan201, GigabitEthernet1/0/1-48, GigabitEthernet1/1/1-4, TenGigabitEthernet1/1/1-4",
            "managementIpAddress": "40.0.0.3",
            "id": "f8c3fc68-cd26-4576-bcec-51f9b578f71e",
            "type": "SWITCH",
            "reachabilityStatus": "In Progress",
            "role": "Access",
            "lineCardCount": "3",
            "interfaceCount": "57",
            "vendor": "Cisco",
            "macAddress": "18:9C:5D:1C:8D:47",
            "avgUpdateFrequency": 301,
            "serialNumber": "FOC1743X05C",
            "roleSource": "auto"
        },
        {
            "tagCount": 4,
            "locationName": "data_center_sj",
            "softwareVersion": "15.2(1)E2",
            "numUpdates": 30,
            "imageName": "c3750e-universalk9-mz.152-1.E2.bin",
            "lastUpdated": "2014-09-29 16:19:17.627273-07",
            "platformId": "WS-C3750X-48P",
            "location": "b613295e-53f1-493c-9db9-e94bf2c731bc",
            "hostname": "SDN-BRANCH-3750-STACK",
            "reachabilityFailureReason": "Unreachable",
            "lineCardId": "3220b22a-a74c-4f9e-9898-c9afc01dc5dd,9ef0da99-963c-4289-9087-7f861c969ea3,e5b911e4-2c1c-4a95-9214-dd9877dd2b92,f5996432-3c89-4045-ac8b-46a6bf873845,4ba5666c-d301-4ec3-a1a0-0ba7e076ecfe",
            "memorySize": "262144K",
            "family": "C3750X",
            "upTime": "26 weeks, 3 hours, 8 minutes",
            "portRange": "FastEthernet0, Vlan1, GigabitEthernet1/0/1-48, GigabitEthernet1/1/1-4, GigabitEthernet2/0/1-48, GigabitEthernet2/1/1-4, TenGigabitEthernet1/1/1-2, TenGigabitEthernet2/1/1-2",
            "managementIpAddress": "40.0.2.18",
            "id": "7895a45f-47aa-42ee-9d06-c66d3b784594",
            "type": "SWITCH",
            "reachabilityStatus": "In Progress",
            "role": "Access",
            "lineCardCount": "5",
            "interfaceCount": "109",
            "vendor": "Cisco",
            "macAddress": "1C:DF:0F:08:20:C2",
            "avgUpdateFrequency": 300,
            "serialNumber": "FDO1432K0MC",
            "roleSource": "auto"
        },
        {
            "tagCount": 2,
            "locationName": "data_center_sj",
            "softwareVersion": "15.2(4)S3",
            "numUpdates": 30,
            "imageName": "asr1000rp1-adventerprisek9.03.07.03.S.152-4.S3.bin",
            "lastUpdated": "2014-09-29 16:18:11.122587-07",
            "platformId": "ASR1002",
            "location": "b613295e-53f1-493c-9db9-e94bf2c731bc",
            "hostname": "SDN-BRANCH-ASR1002",
            "reachabilityFailureReason": "Unreachable",
            "lineCardId": "dbaac253-87ab-4f25-aea5-e47fe44b9dd8,cced8a21-da42-4561-9635-5423ac05cb50,85f69bd5-7af3-4919-964a-ed685fff68df,30b35b13-b2c2-4c6c-bfea-74a53565826e,41935842-57b8-443f-8e85-9cf14a05a037,c2e00e43-8242-4b5c-85b1-44d557ab987f,c73bc21d-d205-43f9-b387-1ec3753168c0,c9b0c262-838d-41db-b1ae-0228120684b1,b8856acc-81af-4ed1-b9c9-85dfaee76c69,826dd027-f62c-4ff5-8594-94ed24e9963f,93cd4507-b4d2-433d-a5c3-a246ca05a6a7",
            "memorySize": "1684853K/6147K",
            "family": "ASR1002",
            "upTime": "30 weeks, 3 days, 23 hours, 35 minutes",
            "portRange": "GigabitEthernet0, GigabitEthernet0/0/0-3",
            "managementIpAddress": "40.0.1.6",
            "id": "cceaf2fe-c3d9-4d37-bf14-fba071c27d6e",
            "type": "ROUTER",
            "reachabilityStatus": "In Progress",
            "role": "Border Router",
            "lineCardCount": "11",
            "interfaceCount": "5",
            "vendor": "Cisco",
            "macAddress": "78:DA:6E:13:5E:00",
            "avgUpdateFrequency": 301,
            "serialNumber": "FOX1737GJVL",
            "roleSource": "manual"
        },
        {
            "locationName": "data_center_sj",
            "softwareVersion": "03.02.02.SE",
            "numUpdates": 30,
            "imageName": "packages.conf",
            "lastUpdated": "2014-09-29 16:18:20.88684-07",
            "platformId": "WS-C3850-48P",
            "location": "b613295e-53f1-493c-9db9-e94bf2c731bc",
            "hostname": "SDN-BRANCH-3850-TB1",
            "reachabilityFailureReason": "Unreachable",
            "lineCardId": "7639ce0f-5ccc-4b5b-9757-c3b15c47adc1,d12128e7-543d-4ef3-a38a-7899e7244e7d,f9973a3e-8470-488b-aea3-c83fd2a24cd7",
            "memorySize": "4194304K",
            "family": "C3850",
            "upTime": "6 days, 18 hours, 23 minutes",
            "portRange": "GigabitEthernet0/0, Vlan1, GigabitEthernet1/0/1-48, GigabitEthernet1/1/1-4, TenGigabitEthernet1/1/1-4",
            "managementIpAddress": "40.0.2.1",
            "id": "526c8fc6-f732-41a9-9faf-5876293a2e8c",
            "type": "SWITCH",
            "reachabilityStatus": "In Progress",
            "role": "Access",
            "lineCardCount": "3",
            "interfaceCount": "57",
            "vendor": "Cisco",
            "macAddress": "18:9C:5D:16:FC:D8",
            "avgUpdateFrequency": 300,
            "serialNumber": "FOC1743X0CJ",
            "roleSource": "manual"
        },
        {
            "tagCount": 2,
            "locationName": "data_center_sj",
            "softwareVersion": "15.1(2)SY2",
            "numUpdates": 30,
            "imageName": "s2t54-adventerprisek9-mz.SPA.151-2.SY2.bin",
            "lastUpdated": "2014-09-29 16:18:11.546577-07",
            "platformId": "WS-C6513-E",
            "location": "b613295e-53f1-493c-9db9-e94bf2c731bc",
            "hostname": "SDN-BRANCH-C6K",
            "reachabilityFailureReason": "Unreachable",
            "lineCardId": "3eec7782-cd70-4e21-81d7-b1426b008bef,28146992-fb74-4aad-83c7-77d67de7cde2,86a97462-1204-4f26-98dc-5b9f2a9477a6,795d60d7-459d-4d04-adc8-e0fb43278eac,094efb42-5cd1-45fb-ac1a-7f1d8888bf49,30ca1a34-9254-49a5-ac46-25262adfcab2,66a3f5e9-7f35-4938-884d-bf5fbfafea9a,8b0af266-00df-4fc7-baa2-426217412816,a073cc28-8c29-4a3c-981c-a3cbd6b6e147,51d009c6-acb2-4d9b-a671-2003bef6a060,baea2aee-f989-4df1-ade4-82ba4b08c798,425dd4a0-56c6-4a8b-b25b-70fa8adf980f,9487d010-33da-4fa0-8032-6aa5f4e07df4,ec7c66a3-3ec8-4263-a7ca-91254d6a40e5,0c08ca0d-5bf9-4916-8d4c-b56103af7d23",
            "memorySize": "1785856K/262144K",
            "family": "C6513",
            "upTime": "2 days, 23 hours, 45 minutes",
            "portRange": "GigabitEthernet1/1-48, GigabitEthernet2/3-4, GigabitEthernet7/1-3, TenGigabitEthernet2/1-2, TenGigabitEthernet7/4-5, EtherChannel547, Vlan1, Vlan22",
            "managementIpAddress": "40.0.1.22",
            "id": "7f0e9dec-fb57-4593-a48b-c4193371398a",
            "type": "SWITCH",
            "reachabilityStatus": "In Progress",
            "role": "Distribution",
            "lineCardCount": "15",
            "interfaceCount": "57",
            "vendor": "Cisco",
            "macAddress": "F8:72:EA:B7:77:C0",
            "avgUpdateFrequency": 301,
            "serialNumber": "FXS1735Q3QF",
            "roleSource": "auto"
        },
        {
            "tagCount": 2,
            "softwareVersion": "03.03.00.XO",
            "numUpdates": 30,
            "lastUpdated": "2014-09-29 16:19:11.474151-07",
            "platformId": "WS-C4510R+E",
            "hostname": "SDN-BRANCH-C4K",
            "reachabilityFailureReason": "Unreachable",
            "lineCardId": "27c3416f-7f10-4977-b68f-5e1262d6f96d,509b47c7-146d-4779-8c94-45c15eadd679,11c87359-be18-4445-9173-cfadbba1cd87,095717ad-7418-467f-8442-a52232ab0a59,40a355e4-4485-434a-81f6-883716ef92da,91358497-75e2-4bf4-bf64-0423d57baa4c,a4d99753-edc3-46ef-a207-2f1887c7891d,9ae19747-da74-4fc1-98a1-a03a8833e268,63c5813e-f0b6-48fb-8c67-638be1e1380c,c82ffa20-6780-42d4-ade3-bec9fa8c547e,61971ba8-d4b1-491a-a8de-6dcf97f6db50,4cea0dce-51d7-4083-ab14-1c2bd9e53ca7,8a011a56-a82d-42c3-b779-6a75a9f486b1,85dab204-b162-44d1-b1de-21c8ad16a5dc,83004494-be8e-45f0-b74f-53090e40aac9",
            "memorySize": "4194304K",
            "family": "C4510R",
            "upTime": "2 days, 22 hours, 55 minutes",
            "portRange": "GigabitEthernet1/1-48, GigabitEthernet10/1-48, TenGigabitEthernet5/1-8, FastEthernet1, Vlan1",
            "managementIpAddress": "40.0.1.34",
            "id": "a36bc35a-94ed-4b2c-a66c-e46dddd5e037",
            "type": "SWITCH",
            "reachabilityStatus": "In Progress",
            "role": "Distribution",
            "lineCardCount": "15",
            "interfaceCount": "105",
            "vendor": "Cisco",
            "macAddress": "A8:0C:0D:98:CA:7F",
            "avgUpdateFrequency": 301,
            "serialNumber": "FXS1749Q1LC",
            "roleSource": "manual"
        },
        {
            "tagCount": 3,
            "softwareVersion": "15.2(4)S3",
            "numUpdates": 30,
            "imageName": "asr1000rp1-adventerprisek9.03.07.03.S.152-4.S3.bin",
            "lastUpdated": "2014-09-29 16:16:11.056466-07",
            "platformId": "ASR1002",
            "hostname": "SDN-CAMPUS-ASR1002",
            "reachabilityFailureReason": "Unreachable",
            "lineCardId": "e6abf7b0-2c2f-4264-ada4-ed78e3a23da0,07554df4-6cd1-44e5-8672-e2b71d102613,0a3b4c18-42b8-439f-aca2-5e6e593b59b3,ba92d247-673f-4ce0-b934-3e3f5c94fd14,4d3dbfc2-d1a4-4370-a5bd-63a560837beb,36b992de-7b74-4296-93d4-22039bb77db4,61cdc29a-66f2-4dd1-9c4f-1d59db4833a3,bbfc4b0a-e819-4d66-b043-47a2df20c52e,3619e497-11cd-405d-8998-647916fd9aa4,35df7457-c3fd-4e90-8fdb-bd690d8715ca,8da523d5-33c9-4099-a224-3ccfe273b5b0",
            "memorySize": "1684853K/6147K",
            "family": "ASR1002",
            "upTime": "30 weeks, 5 days, 22 hours, 35 minutes",
            "portRange": "GigabitEthernet0, GigabitEthernet0/0/0-3",
            "managementIpAddress": "40.0.1.2",
            "id": "13f8aa58-4637-43bf-8ea6-6ff30899c12d",
            "type": "ROUTER",
            "reachabilityStatus": "In Progress",
            "role": "Border Router",
            "lineCardCount": "11",
            "interfaceCount": "5",
            "vendor": "Cisco",
            "macAddress": "78:DA:6E:2D:F1:00",
            "avgUpdateFrequency": 295,
            "serialNumber": "FOX1738GKPH",
            "roleSource": "auto"
        },
        {
            "tagCount": 2,
            "softwareVersion": "15.3(3)M",
            "numUpdates": 30,
            "imageName": "c3900-universalk9-mz.SPA.153-3.M.bin",
            "lastUpdated": "2014-09-29 16:18:10.426234-07",
            "platformId": "C3900-SPE150/K9",
            "hostname": "SDN-BRANCH-ISR3945",
            "reachabilityFailureReason": "Unreachable",
            "lineCardId": "ea4b5e23-bab0-4b0a-9885-d07243eaaae8,86de7895-576f-4d83-bbe1-d8c05110f736,1de72c63-c88a-4b52-9097-149a21c8dd0d,8f6ffa56-ae04-4487-a7b6-a2dcefab1443",
            "memorySize": "987136K/61440K",
            "family": "C3900-SPE150/K9",
            "upTime": "30 weeks, 3 days, 20 hours, 42 minutes",
            "portRange": "Engine0/0, GigabitEthernet0/0-2, SM1/0-1, Vlan1",
            "managementIpAddress": "40.0.2.6",
            "id": "a632c6e8-89bf-4949-8e4d-a249105f2c7c",
            "type": "ROUTER",
            "reachabilityStatus": "In Progress",
            "role": "Border Router",
            "lineCardCount": "4",
            "interfaceCount": "3",
            "vendor": "Cisco",
            "macAddress": "88:5A:92:3C:7D:80",
            "avgUpdateFrequency": 301,
            "serialNumber": "FTX1742ALPT",
            "roleSource": "auto"
        },
        {
            "tagCount": 3,
            "softwareVersion": "03.03.02.SG",
            "numUpdates": 30,
            "lastUpdated": "2014-09-29 16:19:11.372366-07",
            "platformId": "WS-C4507R+E",
            "hostname": "SDN-CAMPUS-C4K",
            "reachabilityFailureReason": "Unreachable",
            "lineCardId": "7bd955fa-1602-41dc-bea2-a8e3cf390d91,49705416-bd61-45d5-829e-36eb26abaa2a,63fa8617-5865-49b2-94ae-16f27b19208b,b60217e5-1288-480f-b18b-1bcae762d210,89c3f1d9-d0d4-4d76-ba6a-27ee5d5b4489,7ab2a2c4-494d-4cef-aa5b-4f8e0806326e,83e2b03b-8634-4a29-b5a3-88bf0a5647ef,354df418-a2dc-493c-b300-82233678e5a3,97fed81f-5d31-4d7f-9204-cae7da1f3fe6,952290e7-4a1f-4dcd-af93-b22c4f1dfc2b,83c9aeef-6201-4fa8-acfa-d7ba730f0b5c,4c3cd25b-563c-4ab1-b053-4b31541d4080",
            "memorySize": "2097152K/20480K",
            "family": "C4507R",
            "upTime": "23 weeks, 5 days, 2 hours, 7 minutes",
            "portRange": "GigabitEthernet1/1-48, GigabitEthernet2/1-48, GigabitEthernet3/3-6, TenGigabitEthernet3/1-2, FastEthernet1, Vlan1",
            "managementIpAddress": "40.0.1.30",
            "id": "e5f93514-3ae5-4109-8b52-b9fa876e1eae",
            "type": "SWITCH",
            "reachabilityStatus": "In Progress",
            "role": "Distribution",
            "lineCardCount": "12",
            "interfaceCount": "103",
            "vendor": "Cisco",
            "macAddress": "78:DA:6E:0A:68:7F",
            "avgUpdateFrequency": 301,
            "serialNumber": "FXS1742Q3FZ",
            "roleSource": "auto"
        }
    ],
    "version": "0.0"
}
01/20/2015 12:47:15 PM INFO: File opened:my-device-list.txt
01/20/2015 12:47:15 PM INFO: Begin writing list:my-device-list.txt
01/20/2015 12:47:15 PM INFO: End writing list:my-device-list.txt
01/20/2015 12:47:15 PM INFO: End Program
